<?xml version="1.0" encoding="UTF-8"?>
<testsuite xmlns:xsi="http://www.w3.org/2001/XMLSchema-instance" xsi:noNamespaceSchemaLocation="https://maven.apache.org/surefire/maven-surefire-plugin/xsd/surefire-test-report-3.0.xsd" version="3.0" name="MathUnitTests" time="0.023" tests="11" errors="0" skipped="0" failures="0">
  <properties>
[...]
</properties>
  <testcase name="testCountWithInvalidOperator" classname="MathUnitTests" time="0.009"/>
  <testcase name="testDivisionByNonZero" classname="MathUnitTests" time="0.001"/>
  <testcase name="testMathMultiply" classname="MathUnitTests" time="0.001"/>
  <testcase name="testMathDivide" classname="MathUnitTests" time="0"/>
  <testcase name="testDivisionCountWithOperator" classname="MathUnitTests" time="0"/>
  <testcase name="testDivisionByZero" classname="MathUnitTests" time="0.001"/>
  <testcase name="testMultiplyCountWithOperator" classname="MathUnitTests" time="0"/>
  <testcase name="testSubtractCountWithOperator" classname="MathUnitTests" time="0"/>
  <testcase name="testMathSubtract" classname="MathUnitTests" time="0"/>
  <testcase name="testSummarizeCountWithOperator" classname="MathUnitTests" time="0.001"/>
  <testcase name="testMathSummarize" classname="MathUnitTests" time="0"/>
</testsuite>